<?xml version="1.0" encoding="UTF-8"?>
<testsuite xmlns:xsi="http://www.w3.org/2001/XMLSchema-instance" xsi:noNamespaceSchemaLocation="https://maven.apache.org/surefire/maven-surefire-plugin/xsd/surefire-test-report-3.0.xsd" version="3.0" name="edu.brown.cs.student.TestApiUtilities" time="0.106" tests="10" errors="0" skipped="0" failures="0">
  <properties>
    <property name="java.specification.version" value="17"/>
    <property name="sun.jnu.encoding" value="UTF-8"/>
    <property name="java.class.path" value="/Users/robertogonzales/Desktop/CS0320/term-project-ealpay-rgonza27-jeblack-gsingh32/backend/target/test-classes:/Users/robertogonzales/Desktop/CS0320/term-project-ealpay-rgonza27-jeblack-gsingh32/backend/target/classes:/Users/robertogonzales/.m2/repository/com/squareup/moshi/moshi/1.13.0/moshi-1.13.0.jar:/Users/robertogonzales/.m2/repository/com/squareup/okio/okio/2.10.0/okio-2.10.0.jar:/Users/robertogonzales/.m2/repository/org/jetbrains/kotlin/kotlin-stdlib/1.4.20/kotlin-stdlib-1.4.20.jar:/Users/robertogonzales/.m2/repository/org/jetbrains/annotations/13.0/annotations-13.0.jar:/Users/robertogonzales/.m2/repository/org/jetbrains/kotlin/kotlin-stdlib-common/1.4.20/kotlin-stdlib-common-1.4.20.jar:/Users/robertogonzales/.m2/repository/org/jetbrains/kotlin/kotlin-stdlib-jdk8/1.6.0/kotlin-stdlib-jdk8-1.6.0.jar:/Users/robertogonzales/.m2/repository/org/jetbrains/kotlin/kotlin-stdlib-jdk7/1.6.0/kotlin-stdlib-jdk7-1.6.0.jar:/Users/robertogonzales/.m2/repository/com/squareup/moshi/moshi-adapters/1.13.0/moshi-adapters-1.13.0.jar:/Users/robertogonzales/.m2/repository/com/google/guava/guava/32.1.2-jre/guava-32.1.2-jre.jar:/Users/robertogonzales/.m2/repository/com/google/guava/failureaccess/1.0.1/failureaccess-1.0.1.jar:/Users/robertogonzales/.m2/repository/com/google/guava/listenablefuture/9999.0-empty-to-avoid-conflict-with-guava/listenablefuture-9999.0-empty-to-avoid-conflict-with-guava.jar:/Users/robertogonzales/.m2/repository/com/google/code/findbugs/jsr305/3.0.2/jsr305-3.0.2.jar:/Users/robertogonzales/.m2/repository/org/checkerframework/checker-qual/3.33.0/checker-qual-3.33.0.jar:/Users/robertogonzales/.m2/repository/com/google/errorprone/error_prone_annotations/2.18.0/error_prone_annotations-2.18.0.jar:/Users/robertogonzales/.m2/repository/com/google/j2objc/j2objc-annotations/2.8/j2objc-annotations-2.8.jar:/Users/robertogonzales/.m2/repository/com/google/firebase/firebase-admin/9.2.0/firebase-admin-9.2.0.jar:/Users/robertogonzales/.m2/repository/com/google/api-client/google-api-client/2.2.0/google-api-client-2.2.0.jar:/Users/robertogonzales/.m2/repository/commons-codec/commons-codec/1.15/commons-codec-1.15.jar:/Users/robertogonzales/.m2/repository/com/google/oauth-client/google-oauth-client/1.34.1/google-oauth-client-1.34.1.jar:/Users/robertogonzales/.m2/repository/com/google/http-client/google-http-client-gson/1.42.3/google-http-client-gson-1.42.3.jar:/Users/robertogonzales/.m2/repository/com/google/http-client/google-http-client-apache-v2/1.42.3/google-http-client-apache-v2-1.42.3.jar:/Users/robertogonzales/.m2/repository/org/apache/httpcomponents/httpcore/4.4.16/httpcore-4.4.16.jar:/Users/robertogonzales/.m2/repository/org/apache/httpcomponents/httpclient/4.5.14/httpclient-4.5.14.jar:/Users/robertogonzales/.m2/repository/com/google/api-client/google-api-client-gson/2.2.0/google-api-client-gson-2.2.0.jar:/Users/robertogonzales/.m2/repository/com/google/http-client/google-http-client/1.43.1/google-http-client-1.43.1.jar:/Users/robertogonzales/.m2/repository/io/opencensus/opencensus-api/0.31.1/opencensus-api-0.31.1.jar:/Users/robertogonzales/.m2/repository/io/opencensus/opencensus-contrib-http-util/0.31.1/opencensus-contrib-http-util-0.31.1.jar:/Users/robertogonzales/.m2/repository/com/google/api/api-common/2.12.0/api-common-2.12.0.jar:/Users/robertogonzales/.m2/repository/com/google/auto/value/auto-value-annotations/1.10.1/auto-value-annotations-1.10.1.jar:/Users/robertogonzales/.m2/repository/javax/annotation/javax.annotation-api/1.3.2/javax.annotation-api-1.3.2.jar:/Users/robertogonzales/.m2/repository/com/google/auth/google-auth-library-oauth2-http/1.17.0/google-auth-library-oauth2-http-1.17.0.jar:/Users/robertogonzales/.m2/repository/com/google/auth/google-auth-library-credentials/1.17.0/google-auth-library-credentials-1.17.0.jar:/Users/robertogonzales/.m2/repository/com/google/cloud/google-cloud-storage/2.22.4/google-cloud-storage-2.22.4.jar:/Users/robertogonzales/.m2/repository/com/google/http-client/google-http-client-jackson2/1.43.1/google-http-client-jackson2-1.43.1.jar:/Users/robertogonzales/.m2/repository/com/google/apis/google-api-services-storage/v1-rev20230301-2.0.0/google-api-services-storage-v1-rev20230301-2.0.0.jar:/Users/robertogonzales/.m2/repository/com/google/code/gson/gson/2.10.1/gson-2.10.1.jar:/Users/robertogonzales/.m2/repository/com/google/cloud/google-cloud-core/2.19.0/google-cloud-core-2.19.0.jar:/Users/robertogonzales/.m2/repository/com/google/cloud/google-cloud-core-http/2.19.0/google-cloud-core-http-2.19.0.jar:/Users/robertogonzales/.m2/repository/com/google/http-client/google-http-client-appengine/1.43.1/google-http-client-appengine-1.43.1.jar:/Users/robertogonzales/.m2/repository/com/google/api/gax-httpjson/0.114.0/gax-httpjson-0.114.0.jar:/Users/robertogonzales/.m2/repository/com/google/cloud/google-cloud-core-grpc/2.19.0/google-cloud-core-grpc-2.19.0.jar:/Users/robertogonzales/.m2/repository/com/google/api/gax/2.29.0/gax-2.29.0.jar:/Users/robertogonzales/.m2/repository/com/google/api/gax-grpc/2.29.0/gax-grpc-2.29.0.jar:/Users/robertogonzales/.m2/repository/io/grpc/grpc-alts/1.55.1/grpc-alts-1.55.1.jar:/Users/robertogonzales/.m2/repository/io/grpc/grpc-grpclb/1.55.1/grpc-grpclb-1.55.1.jar:/Users/robertogonzales/.m2/repository/org/conscrypt/conscrypt-openjdk-uber/2.5.2/conscrypt-openjdk-uber-2.5.2.jar:/Users/robertogonzales/.m2/repository/io/grpc/grpc-auth/1.55.1/grpc-auth-1.55.1.jar:/Users/robertogonzales/.m2/repository/io/grpc/grpc-protobuf/1.55.1/grpc-protobuf-1.55.1.jar:/Users/robertogonzales/.m2/repository/io/grpc/grpc-protobuf-lite/1.55.1/grpc-protobuf-lite-1.55.1.jar:/Users/robertogonzales/.m2/repository/io/grpc/grpc-context/1.55.1/grpc-context-1.55.1.jar:/Users/robertogonzales/.m2/repository/com/google/api/grpc/proto-google-iam-v1/1.15.0/proto-google-iam-v1-1.15.0.jar:/Users/robertogonzales/.m2/repository/com/google/protobuf/protobuf-java/3.23.2/protobuf-java-3.23.2.jar:/Users/robertogonzales/.m2/repository/com/google/protobuf/protobuf-java-util/3.23.2/protobuf-java-util-3.23.2.jar:/Users/robertogonzales/.m2/repository/com/google/api/grpc/proto-google-common-protos/2.20.0/proto-google-common-protos-2.20.0.jar:/Users/robertogonzales/.m2/repository/org/threeten/threetenbp/1.6.8/threetenbp-1.6.8.jar:/Users/robertogonzales/.m2/repository/com/google/api/grpc/proto-google-cloud-storage-v2/2.22.4-alpha/proto-google-cloud-storage-v2-2.22.4-alpha.jar:/Users/robertogonzales/.m2/repository/com/google/api/grpc/grpc-google-cloud-storage-v2/2.22.4-alpha/grpc-google-cloud-storage-v2-2.22.4-alpha.jar:/Users/robertogonzales/.m2/repository/com/google/api/grpc/gapic-google-cloud-storage-v2/2.22.4-alpha/gapic-google-cloud-storage-v2-2.22.4-alpha.jar:/Users/robertogonzales/.m2/repository/com/fasterxml/jackson/core/jackson-core/2.14.2/jackson-core-2.14.2.jar:/Users/robertogonzales/.m2/repository/io/grpc/grpc-api/1.55.1/grpc-api-1.55.1.jar:/Users/robertogonzales/.m2/repository/io/grpc/grpc-netty-shaded/1.55.1/grpc-netty-shaded-1.55.1.jar:/Users/robertogonzales/.m2/repository/io/perfmark/perfmark-api/0.26.0/perfmark-api-0.26.0.jar:/Users/robertogonzales/.m2/repository/io/grpc/grpc-core/1.55.1/grpc-core-1.55.1.jar:/Users/robertogonzales/.m2/repository/com/google/android/annotations/4.1.1.4/annotations-4.1.1.4.jar:/Users/robertogonzales/.m2/repository/org/codehaus/mojo/animal-sniffer-annotations/1.23/animal-sniffer-annotations-1.23.jar:/Users/robertogonzales/.m2/repository/io/grpc/grpc-stub/1.55.1/grpc-stub-1.55.1.jar:/Users/robertogonzales/.m2/repository/io/grpc/grpc-googleapis/1.55.1/grpc-googleapis-1.55.1.jar:/Users/robertogonzales/.m2/repository/io/grpc/grpc-xds/1.55.1/grpc-xds-1.55.1.jar:/Users/robertogonzales/.m2/repository/io/opencensus/opencensus-proto/0.2.0/opencensus-proto-0.2.0.jar:/Users/robertogonzales/.m2/repository/io/grpc/grpc-services/1.55.1/grpc-services-1.55.1.jar:/Users/robertogonzales/.m2/repository/com/google/re2j/re2j/1.6/re2j-1.6.jar:/Users/robertogonzales/.m2/repository/io/grpc/grpc-rls/1.55.1/grpc-rls-1.55.1.jar:/Users/robertogonzales/.m2/repository/com/google/cloud/google-cloud-firestore/3.13.0/google-cloud-firestore-3.13.0.jar:/Users/robertogonzales/.m2/repository/commons-logging/commons-logging/1.2/commons-logging-1.2.jar:/Users/robertogonzales/.m2/repository/com/google/api/grpc/proto-google-cloud-firestore-v1/3.13.0/proto-google-cloud-firestore-v1-3.13.0.jar:/Users/robertogonzales/.m2/repository/com/google/cloud/proto-google-cloud-firestore-bundle-v1/3.13.0/proto-google-cloud-firestore-bundle-v1-3.13.0.jar:/Users/robertogonzales/.m2/repository/io/opencensus/opencensus-contrib-grpc-util/0.31.1/opencensus-contrib-grpc-util-0.31.1.jar:/Users/robertogonzales/.m2/repository/org/slf4j/slf4j-api/2.0.7/slf4j-api-2.0.7.jar:/Users/robertogonzales/.m2/repository/io/netty/netty-codec-http/4.1.94.Final/netty-codec-http-4.1.94.Final.jar:/Users/robertogonzales/.m2/repository/io/netty/netty-common/4.1.94.Final/netty-common-4.1.94.Final.jar:/Users/robertogonzales/.m2/repository/io/netty/netty-buffer/4.1.94.Final/netty-buffer-4.1.94.Final.jar:/Users/robertogonzales/.m2/repository/io/netty/netty-codec/4.1.94.Final/netty-codec-4.1.94.Final.jar:/Users/robertogonzales/.m2/repository/io/netty/netty-handler/4.1.94.Final/netty-handler-4.1.94.Final.jar:/Users/robertogonzales/.m2/repository/io/netty/netty-resolver/4.1.94.Final/netty-resolver-4.1.94.Final.jar:/Users/robertogonzales/.m2/repository/io/netty/netty-transport-native-unix-common/4.1.94.Final/netty-transport-native-unix-common-4.1.94.Final.jar:/Users/robertogonzales/.m2/repository/io/netty/netty-transport/4.1.94.Final/netty-transport-4.1.94.Final.jar:/Users/robertogonzales/.m2/repository/com/sparkjava/spark-core/2.9.3/spark-core-2.9.3.jar:/Users/robertogonzales/.m2/repository/org/eclipse/jetty/jetty-server/9.4.31.v20200723/jetty-server-9.4.31.v20200723.jar:/Users/robertogonzales/.m2/repository/javax/servlet/javax.servlet-api/3.1.0/javax.servlet-api-3.1.0.jar:/Users/robertogonzales/.m2/repository/org/eclipse/jetty/jetty-http/9.4.31.v20200723/jetty-http-9.4.31.v20200723.jar:/Users/robertogonzales/.m2/repository/org/eclipse/jetty/jetty-util/9.4.31.v20200723/jetty-util-9.4.31.v20200723.jar:/Users/robertogonzales/.m2/repository/org/eclipse/jetty/jetty-io/9.4.31.v20200723/jetty-io-9.4.31.v20200723.jar:/Users/robertogonzales/.m2/repository/org/eclipse/jetty/jetty-webapp/9.4.31.v20200723/jetty-webapp-9.4.31.v20200723.jar:/Users/robertogonzales/.m2/repository/org/eclipse/jetty/jetty-xml/9.4.31.v20200723/jetty-xml-9.4.31.v20200723.jar:/Users/robertogonzales/.m2/repository/org/eclipse/jetty/jetty-servlet/9.4.31.v20200723/jetty-servlet-9.4.31.v20200723.jar:/Users/robertogonzales/.m2/repository/org/eclipse/jetty/jetty-security/9.4.31.v20200723/jetty-security-9.4.31.v20200723.jar:/Users/robertogonzales/.m2/repository/org/eclipse/jetty/websocket/websocket-server/9.4.31.v20200723/websocket-server-9.4.31.v20200723.jar:/Users/robertogonzales/.m2/repository/org/eclipse/jetty/websocket/websocket-common/9.4.31.v20200723/websocket-common-9.4.31.v20200723.jar:/Users/robertogonzales/.m2/repository/org/eclipse/jetty/websocket/websocket-client/9.4.31.v20200723/websocket-client-9.4.31.v20200723.jar:/Users/robertogonzales/.m2/repository/org/eclipse/jetty/jetty-client/9.4.31.v20200723/jetty-client-9.4.31.v20200723.jar:/Users/robertogonzales/.m2/repository/org/eclipse/jetty/websocket/websocket-servlet/9.4.31.v20200723/websocket-servlet-9.4.31.v20200723.jar:/Users/robertogonzales/.m2/repository/org/eclipse/jetty/websocket/websocket-api/9.4.31.v20200723/websocket-api-9.4.31.v20200723.jar:/Users/robertogonzales/.m2/repository/org/testng/testng/7.8.0/testng-7.8.0.jar:/Users/robertogonzales/.m2/repository/com/beust/jcommander/1.82/jcommander-1.82.jar:/Users/robertogonzales/.m2/repository/org/webjars/jquery/3.6.1/jquery-3.6.1.jar:/Users/robertogonzales/.m2/repository/org/junit/jupiter/junit-jupiter-engine/5.4.0/junit-jupiter-engine-5.4.0.jar:/Users/robertogonzales/.m2/repository/org/apiguardian/apiguardian-api/1.0.0/apiguardian-api-1.0.0.jar:/Users/robertogonzales/.m2/repository/org/junit/platform/junit-platform-engine/1.4.0/junit-platform-engine-1.4.0.jar:/Users/robertogonzales/.m2/repository/org/opentest4j/opentest4j/1.1.1/opentest4j-1.1.1.jar:/Users/robertogonzales/.m2/repository/org/junit/platform/junit-platform-commons/1.4.0/junit-platform-commons-1.4.0.jar:/Users/robertogonzales/.m2/repository/org/junit/jupiter/junit-jupiter-api/5.4.0/junit-jupiter-api-5.4.0.jar:"/>
    <property name="java.vm.vendor" value="Homebrew"/>
    <property name="sun.arch.data.model" value="64"/>
    <property name="java.vendor.url" value="https://github.com/Homebrew/homebrew-core/issues"/>
    <property name="user.timezone" value="America/New_York"/>
    <property name="os.name" value="Mac OS X"/>
    <property name="java.vm.specification.version" value="17"/>
    <property name="sun.java.launcher" value="SUN_STANDARD"/>
    <property name="user.country" value="US"/>
    <property name="sun.boot.library.path" value="/opt/homebrew/Cellar/openjdk@17/17.0.8.1/libexec/openjdk.jdk/Contents/Home/lib"/>
    <property name="sun.java.command" value="/Users/robertogonzales/Desktop/CS0320/term-project-ealpay-rgonza27-jeblack-gsingh32/backend/target/surefire/surefirebooter-20231124135335449_3.jar /Users/robertogonzales/Desktop/CS0320/term-project-ealpay-rgonza27-jeblack-gsingh32/backend/target/surefire 2023-11-24T13-53-35_355-jvmRun1 surefire-20231124135335449_1tmp surefire_0-20231124135335449_2tmp"/>
    <property name="http.nonProxyHosts" value="local|*.local|169.254/16|*.169.254/16"/>
    <property name="jdk.debug" value="release"/>
    <property name="surefire.test.class.path" value="/Users/robertogonzales/Desktop/CS0320/term-project-ealpay-rgonza27-jeblack-gsingh32/backend/target/test-classes:/Users/robertogonzales/Desktop/CS0320/term-project-ealpay-rgonza27-jeblack-gsingh32/backend/target/classes:/Users/robertogonzales/.m2/repository/com/squareup/moshi/moshi/1.13.0/moshi-1.13.0.jar:/Users/robertogonzales/.m2/repository/com/squareup/okio/okio/2.10.0/okio-2.10.0.jar:/Users/robertogonzales/.m2/repository/org/jetbrains/kotlin/kotlin-stdlib/1.4.20/kotlin-stdlib-1.4.20.jar:/Users/robertogonzales/.m2/repository/org/jetbrains/annotations/13.0/annotations-13.0.jar:/Users/robertogonzales/.m2/repository/org/jetbrains/kotlin/kotlin-stdlib-common/1.4.20/kotlin-stdlib-common-1.4.20.jar:/Users/robertogonzales/.m2/repository/org/jetbrains/kotlin/kotlin-stdlib-jdk8/1.6.0/kotlin-stdlib-jdk8-1.6.0.jar:/Users/robertogonzales/.m2/repository/org/jetbrains/kotlin/kotlin-stdlib-jdk7/1.6.0/kotlin-stdlib-jdk7-1.6.0.jar:/Users/robertogonzales/.m2/repository/com/squareup/moshi/moshi-adapters/1.13.0/moshi-adapters-1.13.0.jar:/Users/robertogonzales/.m2/repository/com/google/guava/guava/32.1.2-jre/guava-32.1.2-jre.jar:/Users/robertogonzales/.m2/repository/com/google/guava/failureaccess/1.0.1/failureaccess-1.0.1.jar:/Users/robertogonzales/.m2/repository/com/google/guava/listenablefuture/9999.0-empty-to-avoid-conflict-with-guava/listenablefuture-9999.0-empty-to-avoid-conflict-with-guava.jar:/Users/robertogonzales/.m2/repository/com/google/code/findbugs/jsr305/3.0.2/jsr305-3.0.2.jar:/Users/robertogonzales/.m2/repository/org/checkerframework/checker-qual/3.33.0/checker-qual-3.33.0.jar:/Users/robertogonzales/.m2/repository/com/google/errorprone/error_prone_annotations/2.18.0/error_prone_annotations-2.18.0.jar:/Users/robertogonzales/.m2/repository/com/google/j2objc/j2objc-annotations/2.8/j2objc-annotations-2.8.jar:/Users/robertogonzales/.m2/repository/com/google/firebase/firebase-admin/9.2.0/firebase-admin-9.2.0.jar:/Users/robertogonzales/.m2/repository/com/google/api-client/google-api-client/2.2.0/google-api-client-2.2.0.jar:/Users/robertogonzales/.m2/repository/commons-codec/commons-codec/1.15/commons-codec-1.15.jar:/Users/robertogonzales/.m2/repository/com/google/oauth-client/google-oauth-client/1.34.1/google-oauth-client-1.34.1.jar:/Users/robertogonzales/.m2/repository/com/google/http-client/google-http-client-gson/1.42.3/google-http-client-gson-1.42.3.jar:/Users/robertogonzales/.m2/repository/com/google/http-client/google-http-client-apache-v2/1.42.3/google-http-client-apache-v2-1.42.3.jar:/Users/robertogonzales/.m2/repository/org/apache/httpcomponents/httpcore/4.4.16/httpcore-4.4.16.jar:/Users/robertogonzales/.m2/repository/org/apache/httpcomponents/httpclient/4.5.14/httpclient-4.5.14.jar:/Users/robertogonzales/.m2/repository/com/google/api-client/google-api-client-gson/2.2.0/google-api-client-gson-2.2.0.jar:/Users/robertogonzales/.m2/repository/com/google/http-client/google-http-client/1.43.1/google-http-client-1.43.1.jar:/Users/robertogonzales/.m2/repository/io/opencensus/opencensus-api/0.31.1/opencensus-api-0.31.1.jar:/Users/robertogonzales/.m2/repository/io/opencensus/opencensus-contrib-http-util/0.31.1/opencensus-contrib-http-util-0.31.1.jar:/Users/robertogonzales/.m2/repository/com/google/api/api-common/2.12.0/api-common-2.12.0.jar:/Users/robertogonzales/.m2/repository/com/google/auto/value/auto-value-annotations/1.10.1/auto-value-annotations-1.10.1.jar:/Users/robertogonzales/.m2/repository/javax/annotation/javax.annotation-api/1.3.2/javax.annotation-api-1.3.2.jar:/Users/robertogonzales/.m2/repository/com/google/auth/google-auth-library-oauth2-http/1.17.0/google-auth-library-oauth2-http-1.17.0.jar:/Users/robertogonzales/.m2/repository/com/google/auth/google-auth-library-credentials/1.17.0/google-auth-library-credentials-1.17.0.jar:/Users/robertogonzales/.m2/repository/com/google/cloud/google-cloud-storage/2.22.4/google-cloud-storage-2.22.4.jar:/Users/robertogonzales/.m2/repository/com/google/http-client/google-http-client-jackson2/1.43.1/google-http-client-jackson2-1.43.1.jar:/Users/robertogonzales/.m2/repository/com/google/apis/google-api-services-storage/v1-rev20230301-2.0.0/google-api-services-storage-v1-rev20230301-2.0.0.jar:/Users/robertogonzales/.m2/repository/com/google/code/gson/gson/2.10.1/gson-2.10.1.jar:/Users/robertogonzales/.m2/repository/com/google/cloud/google-cloud-core/2.19.0/google-cloud-core-2.19.0.jar:/Users/robertogonzales/.m2/repository/com/google/cloud/google-cloud-core-http/2.19.0/google-cloud-core-http-2.19.0.jar:/Users/robertogonzales/.m2/repository/com/google/http-client/google-http-client-appengine/1.43.1/google-http-client-appengine-1.43.1.jar:/Users/robertogonzales/.m2/repository/com/google/api/gax-httpjson/0.114.0/gax-httpjson-0.114.0.jar:/Users/robertogonzales/.m2/repository/com/google/cloud/google-cloud-core-grpc/2.19.0/google-cloud-core-grpc-2.19.0.jar:/Users/robertogonzales/.m2/repository/com/google/api/gax/2.29.0/gax-2.29.0.jar:/Users/robertogonzales/.m2/repository/com/google/api/gax-grpc/2.29.0/gax-grpc-2.29.0.jar:/Users/robertogonzales/.m2/repository/io/grpc/grpc-alts/1.55.1/grpc-alts-1.55.1.jar:/Users/robertogonzales/.m2/repository/io/grpc/grpc-grpclb/1.55.1/grpc-grpclb-1.55.1.jar:/Users/robertogonzales/.m2/repository/org/conscrypt/conscrypt-openjdk-uber/2.5.2/conscrypt-openjdk-uber-2.5.2.jar:/Users/robertogonzales/.m2/repository/io/grpc/grpc-auth/1.55.1/grpc-auth-1.55.1.jar:/Users/robertogonzales/.m2/repository/io/grpc/grpc-protobuf/1.55.1/grpc-protobuf-1.55.1.jar:/Users/robertogonzales/.m2/repository/io/grpc/grpc-protobuf-lite/1.55.1/grpc-protobuf-lite-1.55.1.jar:/Users/robertogonzales/.m2/repository/io/grpc/grpc-context/1.55.1/grpc-context-1.55.1.jar:/Users/robertogonzales/.m2/repository/com/google/api/grpc/proto-google-iam-v1/1.15.0/proto-google-iam-v1-1.15.0.jar:/Users/robertogonzales/.m2/repository/com/google/protobuf/protobuf-java/3.23.2/protobuf-java-3.23.2.jar:/Users/robertogonzales/.m2/repository/com/google/protobuf/protobuf-java-util/3.23.2/protobuf-java-util-3.23.2.jar:/Users/robertogonzales/.m2/repository/com/google/api/grpc/proto-google-common-protos/2.20.0/proto-google-common-protos-2.20.0.jar:/Users/robertogonzales/.m2/repository/org/threeten/threetenbp/1.6.8/threetenbp-1.6.8.jar:/Users/robertogonzales/.m2/repository/com/google/api/grpc/proto-google-cloud-storage-v2/2.22.4-alpha/proto-google-cloud-storage-v2-2.22.4-alpha.jar:/Users/robertogonzales/.m2/repository/com/google/api/grpc/grpc-google-cloud-storage-v2/2.22.4-alpha/grpc-google-cloud-storage-v2-2.22.4-alpha.jar:/Users/robertogonzales/.m2/repository/com/google/api/grpc/gapic-google-cloud-storage-v2/2.22.4-alpha/gapic-google-cloud-storage-v2-2.22.4-alpha.jar:/Users/robertogonzales/.m2/repository/com/fasterxml/jackson/core/jackson-core/2.14.2/jackson-core-2.14.2.jar:/Users/robertogonzales/.m2/repository/io/grpc/grpc-api/1.55.1/grpc-api-1.55.1.jar:/Users/robertogonzales/.m2/repository/io/grpc/grpc-netty-shaded/1.55.1/grpc-netty-shaded-1.55.1.jar:/Users/robertogonzales/.m2/repository/io/perfmark/perfmark-api/0.26.0/perfmark-api-0.26.0.jar:/Users/robertogonzales/.m2/repository/io/grpc/grpc-core/1.55.1/grpc-core-1.55.1.jar:/Users/robertogonzales/.m2/repository/com/google/android/annotations/4.1.1.4/annotations-4.1.1.4.jar:/Users/robertogonzales/.m2/repository/org/codehaus/mojo/animal-sniffer-annotations/1.23/animal-sniffer-annotations-1.23.jar:/Users/robertogonzales/.m2/repository/io/grpc/grpc-stub/1.55.1/grpc-stub-1.55.1.jar:/Users/robertogonzales/.m2/repository/io/grpc/grpc-googleapis/1.55.1/grpc-googleapis-1.55.1.jar:/Users/robertogonzales/.m2/repository/io/grpc/grpc-xds/1.55.1/grpc-xds-1.55.1.jar:/Users/robertogonzales/.m2/repository/io/opencensus/opencensus-proto/0.2.0/opencensus-proto-0.2.0.jar:/Users/robertogonzales/.m2/repository/io/grpc/grpc-services/1.55.1/grpc-services-1.55.1.jar:/Users/robertogonzales/.m2/repository/com/google/re2j/re2j/1.6/re2j-1.6.jar:/Users/robertogonzales/.m2/repository/io/grpc/grpc-rls/1.55.1/grpc-rls-1.55.1.jar:/Users/robertogonzales/.m2/repository/com/google/cloud/google-cloud-firestore/3.13.0/google-cloud-firestore-3.13.0.jar:/Users/robertogonzales/.m2/repository/commons-logging/commons-logging/1.2/commons-logging-1.2.jar:/Users/robertogonzales/.m2/repository/com/google/api/grpc/proto-google-cloud-firestore-v1/3.13.0/proto-google-cloud-firestore-v1-3.13.0.jar:/Users/robertogonzales/.m2/repository/com/google/cloud/proto-google-cloud-firestore-bundle-v1/3.13.0/proto-google-cloud-firestore-bundle-v1-3.13.0.jar:/Users/robertogonzales/.m2/repository/io/opencensus/opencensus-contrib-grpc-util/0.31.1/opencensus-contrib-grpc-util-0.31.1.jar:/Users/robertogonzales/.m2/repository/org/slf4j/slf4j-api/2.0.7/slf4j-api-2.0.7.jar:/Users/robertogonzales/.m2/repository/io/netty/netty-codec-http/4.1.94.Final/netty-codec-http-4.1.94.Final.jar:/Users/robertogonzales/.m2/repository/io/netty/netty-common/4.1.94.Final/netty-common-4.1.94.Final.jar:/Users/robertogonzales/.m2/repository/io/netty/netty-buffer/4.1.94.Final/netty-buffer-4.1.94.Final.jar:/Users/robertogonzales/.m2/repository/io/netty/netty-codec/4.1.94.Final/netty-codec-4.1.94.Final.jar:/Users/robertogonzales/.m2/repository/io/netty/netty-handler/4.1.94.Final/netty-handler-4.1.94.Final.jar:/Users/robertogonzales/.m2/repository/io/netty/netty-resolver/4.1.94.Final/netty-resolver-4.1.94.Final.jar:/Users/robertogonzales/.m2/repository/io/netty/netty-transport-native-unix-common/4.1.94.Final/netty-transport-native-unix-common-4.1.94.Final.jar:/Users/robertogonzales/.m2/repository/io/netty/netty-transport/4.1.94.Final/netty-transport-4.1.94.Final.jar:/Users/robertogonzales/.m2/repository/com/sparkjava/spark-core/2.9.3/spark-core-2.9.3.jar:/Users/robertogonzales/.m2/repository/org/eclipse/jetty/jetty-server/9.4.31.v20200723/jetty-server-9.4.31.v20200723.jar:/Users/robertogonzales/.m2/repository/javax/servlet/javax.servlet-api/3.1.0/javax.servlet-api-3.1.0.jar:/Users/robertogonzales/.m2/repository/org/eclipse/jetty/jetty-http/9.4.31.v20200723/jetty-http-9.4.31.v20200723.jar:/Users/robertogonzales/.m2/repository/org/eclipse/jetty/jetty-util/9.4.31.v20200723/jetty-util-9.4.31.v20200723.jar:/Users/robertogonzales/.m2/repository/org/eclipse/jetty/jetty-io/9.4.31.v20200723/jetty-io-9.4.31.v20200723.jar:/Users/robertogonzales/.m2/repository/org/eclipse/jetty/jetty-webapp/9.4.31.v20200723/jetty-webapp-9.4.31.v20200723.jar:/Users/robertogonzales/.m2/repository/org/eclipse/jetty/jetty-xml/9.4.31.v20200723/jetty-xml-9.4.31.v20200723.jar:/Users/robertogonzales/.m2/repository/org/eclipse/jetty/jetty-servlet/9.4.31.v20200723/jetty-servlet-9.4.31.v20200723.jar:/Users/robertogonzales/.m2/repository/org/eclipse/jetty/jetty-security/9.4.31.v20200723/jetty-security-9.4.31.v20200723.jar:/Users/robertogonzales/.m2/repository/org/eclipse/jetty/websocket/websocket-server/9.4.31.v20200723/websocket-server-9.4.31.v20200723.jar:/Users/robertogonzales/.m2/repository/org/eclipse/jetty/websocket/websocket-common/9.4.31.v20200723/websocket-common-9.4.31.v20200723.jar:/Users/robertogonzales/.m2/repository/org/eclipse/jetty/websocket/websocket-client/9.4.31.v20200723/websocket-client-9.4.31.v20200723.jar:/Users/robertogonzales/.m2/repository/org/eclipse/jetty/jetty-client/9.4.31.v20200723/jetty-client-9.4.31.v20200723.jar:/Users/robertogonzales/.m2/repository/org/eclipse/jetty/websocket/websocket-servlet/9.4.31.v20200723/websocket-servlet-9.4.31.v20200723.jar:/Users/robertogonzales/.m2/repository/org/eclipse/jetty/websocket/websocket-api/9.4.31.v20200723/websocket-api-9.4.31.v20200723.jar:/Users/robertogonzales/.m2/repository/org/testng/testng/7.8.0/testng-7.8.0.jar:/Users/robertogonzales/.m2/repository/com/beust/jcommander/1.82/jcommander-1.82.jar:/Users/robertogonzales/.m2/repository/org/webjars/jquery/3.6.1/jquery-3.6.1.jar:/Users/robertogonzales/.m2/repository/org/junit/jupiter/junit-jupiter-engine/5.4.0/junit-jupiter-engine-5.4.0.jar:/Users/robertogonzales/.m2/repository/org/apiguardian/apiguardian-api/1.0.0/apiguardian-api-1.0.0.jar:/Users/robertogonzales/.m2/repository/org/junit/platform/junit-platform-engine/1.4.0/junit-platform-engine-1.4.0.jar:/Users/robertogonzales/.m2/repository/org/opentest4j/opentest4j/1.1.1/opentest4j-1.1.1.jar:/Users/robertogonzales/.m2/repository/org/junit/platform/junit-platform-commons/1.4.0/junit-platform-commons-1.4.0.jar:/Users/robertogonzales/.m2/repository/org/junit/jupiter/junit-jupiter-api/5.4.0/junit-jupiter-api-5.4.0.jar:"/>
    <property name="sun.cpu.endian" value="little"/>
    <property name="user.home" value="/Users/robertogonzales"/>
    <property name="user.language" value="en"/>
    <property name="java.specification.vendor" value="Oracle Corporation"/>
    <property name="java.version.date" value="2023-08-24"/>
    <property name="java.home" value="/opt/homebrew/Cellar/openjdk@17/17.0.8.1/libexec/openjdk.jdk/Contents/Home"/>
    <property name="file.separator" value="/"/>
    <property name="basedir" value="/Users/robertogonzales/Desktop/CS0320/term-project-ealpay-rgonza27-jeblack-gsingh32/backend"/>
    <property name="java.vm.compressedOopsMode" value="Zero based"/>
    <property name="line.separator" value="&#10;"/>
    <property name="java.specification.name" value="Java Platform API Specification"/>
    <property name="java.vm.specification.vendor" value="Oracle Corporation"/>
    <property name="surefire.real.class.path" value="/Users/robertogonzales/Desktop/CS0320/term-project-ealpay-rgonza27-jeblack-gsingh32/backend/target/surefire/surefirebooter-20231124135335449_3.jar"/>
    <property name="sun.management.compiler" value="HotSpot 64-Bit Tiered Compilers"/>
    <property name="ftp.nonProxyHosts" value="local|*.local|169.254/16|*.169.254/16"/>
    <property name="java.runtime.version" value="17.0.8.1+0"/>
    <property name="user.name" value="robertogonzales"/>
    <property name="path.separator" value=":"/>
    <property name="os.version" value="14.0"/>
    <property name="java.runtime.name" value="OpenJDK Runtime Environment"/>
    <property name="file.encoding" value="UTF-8"/>
    <property name="java.vm.name" value="OpenJDK 64-Bit Server VM"/>
    <property name="java.vendor.version" value="Homebrew"/>
    <property name="localRepository" value="/Users/robertogonzales/.m2/repository"/>
    <property name="java.vendor.url.bug" value="https://github.com/Homebrew/homebrew-core/issues"/>
    <property name="java.io.tmpdir" value="/var/folders/1z/83xw4xp55z3djycs0sgtbsch0000gn/T/"/>
    <property name="java.version" value="17.0.8.1"/>
    <property name="user.dir" value="/Users/robertogonzales/Desktop/CS0320/term-project-ealpay-rgonza27-jeblack-gsingh32/backend"/>
    <property name="os.arch" value="aarch64"/>
    <property name="java.vm.specification.name" value="Java Virtual Machine Specification"/>
    <property name="native.encoding" value="UTF-8"/>
    <property name="java.library.path" value="/Users/robertogonzales/Library/Java/Extensions:/Library/Java/Extensions:/Network/Library/Java/Extensions:/System/Library/Java/Extensions:/usr/lib/java:."/>
    <property name="java.vm.info" value="mixed mode, sharing"/>
    <property name="java.vendor" value="Homebrew"/>
    <property name="java.vm.version" value="17.0.8.1+0"/>
    <property name="sun.io.unicode.encoding" value="UnicodeBig"/>
    <property name="socksNonProxyHosts" value="local|*.local|169.254/16|*.169.254/16"/>
    <property name="java.class.version" value="61.0"/>
  </properties>
  <testcase name="testLoadJsonDataMissingInfo" classname="edu.brown.cs.student.TestApiUtilities" time="0.095"/>
  <testcase name="testLoadGeoJsonData" classname="edu.brown.cs.student.TestApiUtilities" time="0"/>
  <testcase name="testLoadJsonDataNotNeededInfo" classname="edu.brown.cs.student.TestApiUtilities" time="0"/>
  <testcase name="testToJsonStatus" classname="edu.brown.cs.student.TestApiUtilities" time="0.001"/>
  <testcase name="testFromJSON" classname="edu.brown.cs.student.TestApiUtilities" time="0"/>
  <testcase name="testToJsonContainer" classname="edu.brown.cs.student.TestApiUtilities" time="0"/>
  <testcase name="testFromJSONMap" classname="edu.brown.cs.student.TestApiUtilities" time="0.001">
    <system-out><![CDATA[{Key2=Value2, Key1=Value1}
{Key2=Value2, Key1=Value1, headerKey=headerVal}
]]></system-out>
    <system-err><![CDATA[Error parsing JSON: Result is Empty
]]></system-err>
  </testcase>
  <testcase name="testToJsonList" classname="edu.brown.cs.student.TestApiUtilities" time="0"/>
  <testcase name="testFromJSONMapCounties" classname="edu.brown.cs.student.TestApiUtilities" time="0.002">
    <system-out><![CDATA[{San Francisco County, California=Value2, San Francisco County=Value2}
]]></system-out>
    <system-err><![CDATA[Error parsing JSON: Result is Empty
]]></system-err>
  </testcase>
  <testcase name="testPrettyJson" classname="edu.brown.cs.student.TestApiUtilities" time="0"/>
</testsuite>